20220904	20:32:46	30e39853-ce92-4834-a583-d7c9d70d1f69	42703 : errorMissingColumn	parse_relation.c	error: no existe la columna «user_nam»
    at Parser.parseErrorMessage (C:\Users\DELL\Desktop\PROYECTO FINAL\FincaPro-1\node_modules\pg-protocol\dist\parser.js:287:98)
    at Parser.handlePacket (C:\Users\DELL\Desktop\PROYECTO FINAL\FincaPro-1\node_modules\pg-protocol\dist\parser.js:126:29)
    at Parser.parse (C:\Users\DELL\Desktop\PROYECTO FINAL\FincaPro-1\node_modules\pg-protocol\dist\parser.js:39:38)
    at Socket.<anonymous> (C:\Users\DELL\Desktop\PROYECTO FINAL\FincaPro-1\node_modules\pg-protocol\dist\index.js:11:42)
    at Socket.emit (node:events:526:28)
    at addChunk (node:internal/streams/readable:315:12)
    at readableAddChunk (node:internal/streams/readable:289:9)
    at Socket.Readable.push (node:internal/streams/readable:228:10)
    at TCP.onStreamRead (node:internal/stream_base_commons:190:23)
20220904	20:59:04	77351a2e-3ba6-4d48-b7c3-ad8628f96580	42703: errorMissingColumn	parse_relation.c	error: no existe la columna «user_nam»
    at Parser.parseErrorMessage (C:\Users\DELL\Desktop\PROYECTO FINAL\FincaPro-1\node_modules\pg-protocol\dist\parser.js:287:98)
    at Parser.handlePacket (C:\Users\DELL\Desktop\PROYECTO FINAL\FincaPro-1\node_modules\pg-protocol\dist\parser.js:126:29)
    at Parser.parse (C:\Users\DELL\Desktop\PROYECTO FINAL\FincaPro-1\node_modules\pg-protocol\dist\parser.js:39:38)
    at Socket.<anonymous> (C:\Users\DELL\Desktop\PROYECTO FINAL\FincaPro-1\node_modules\pg-protocol\dist\index.js:11:42)
    at Socket.emit (node:events:526:28)
    at addChunk (node:internal/streams/readable:315:12)
    at readableAddChunk (node:internal/streams/readable:289:9)
    at Socket.Readable.push (node:internal/streams/readable:228:10)
    at TCP.onStreamRead (node:internal/stream_base_commons:190:23)
20220904	21:00:18	3affcd89-fe6d-4b85-bc16-715585df18c4	42703: errorMissingColumn	parse_relation.c	Probablemente quiera hacer referencia a la columna «User.user_name».
20220904	21:02:36	7c756fea-7d88-4c3a-8c64-d70b871fea24	42703	 errorMissingColumn	parse_relation.c	error: no existe la columna «user_nam»
    at Parser.parseErrorMessage (C:\Users\DELL\Desktop\PROYECTO FINAL\FincaPro-1\node_modules\pg-protocol\dist\parser.js:287:98)
    at Parser.handlePacket (C:\Users\DELL\Desktop\PROYECTO FINAL\FincaPro-1\node_modules\pg-protocol\dist\parser.js:126:29)
    at Parser.parse (C:\Users\DELL\Desktop\PROYECTO FINAL\FincaPro-1\node_modules\pg-protocol\dist\parser.js:39:38)
    at Socket.<anonymous> (C:\Users\DELL\Desktop\PROYECTO FINAL\FincaPro-1\node_modules\pg-protocol\dist\index.js:11:42)
    at Socket.emit (node:events:526:28)
    at addChunk (node:internal/streams/readable:315:12)
    at readableAddChunk (node:internal/streams/readable:289:9)
    at Socket.Readable.push (node:internal/streams/readable:228:10)
    at TCP.onStreamRead (node:internal/stream_base_commons:190:23)
20220904	21:03:56	24222225-00ae-463b-b3e1-b20c15680dd9	42703	 errorMissingColumn	parse_relation.c	undefined
20220904	21:05:19	bf3e9986-5239-4b52-a6ff-8fbefb852ad5	42703	 errorMissingColumn	parse_relation.c	error: no existe la columna «user_nam»
    at Parser.parseErrorMessage (C:\Users\DELL\Desktop\PROYECTO FINAL\FincaPro-1\node_modules\pg-protocol\dist\parser.js:287:98)
    at Parser.handlePacket (C:\Users\DELL\Desktop\PROYECTO FINAL\FincaPro-1\node_modules\pg-protocol\dist\parser.js:126:29)
    at Parser.parse (C:\Users\DELL\Desktop\PROYECTO FINAL\FincaPro-1\node_modules\pg-protocol\dist\parser.js:39:38)
    at Socket.<anonymous> (C:\Users\DELL\Desktop\PROYECTO FINAL\FincaPro-1\node_modules\pg-protocol\dist\index.js:11:42)
    at Socket.emit (node:events:526:28)
    at addChunk (node:internal/streams/readable:315:12)
    at readableAddChunk (node:internal/streams/readable:289:9)
    at Socket.Readable.push (node:internal/streams/readable:228:10)
    at TCP.onStreamRead (node:internal/stream_base_commons:190:23)
