20220904	18:35:15	353e9881-10e9-41db-b1c9-0eff973edf6f	POST	/login/user	undefined
20220904	18:37:02	0af1fa4c-70fa-4ced-b691-26ba4003b286	GET	/user	undefined
20220904	18:38:48	71f643fb-a886-45f4-890e-811bdcddb8ed	GET	/user	undefined
20220904	18:41:16	7231a2fd-51a3-4171-a4f3-8965ca40b198	GET	/user	undefined
20220904	18:43:53	ab3d1139-9693-430b-b387-59f9e15e20f3	GET	/user	undefined
20220904	18:44:58	307afaa3-7556-4e33-9d23-965e818c5acb	GET	/user	undefined
20220904	18:45:29	75899d05-6127-40fb-aad6-d36c8c9e6f38	GET	/user	undefined
20220904	18:58:20	d5c4d643-4be8-4307-9dcc-73a2ac13d837	GET	/user	undefined
20220904	18:58:58	5080fe48-7beb-48f1-bc82-857755fa1bd3	GET	/user	undefined
20220904	19:00:29	e71d467a-bfc2-4bbc-a0d6-106259c16a18	GET	/user	undefined
20220904	19:02:04	f3ff874c-e2ce-4d8e-beef-93f3bbe98848	GET	/user	undefined
20220904	19:10:27	898d6e60-8ce6-4368-910c-0d1469f18143	GET	/user	undefined
20220904	19:13:29	fd912ec8-ef81-43a5-8109-67b66185bd34	GET	/user	undefined
20220904	19:18:14	734cfb8d-437e-46d2-bc1a-5a97fa0dcf03	GET	/user	undefined
20220904	19:24:01	0245f500-1288-4e92-a510-d60fa18a0a68	GET	/user	undefined
20220904	19:26:14	8e5aec00-989f-4647-a2aa-02d9fc43cddb	GET	/user	undefined
20220904	19:32:41	f006020c-53e0-4308-ab27-71b32c137ee5	GET	/user	undefined
20220904	19:35:04	75588e5c-b4b3-416f-95d0-e165e1f22a3c	GET	/user	undefined
20220904	19:39:05	534cc5d7-f5d0-4720-8717-11cdd287a350	GET	/user	undefined
20220904	19:39:51	3e641764-ccee-4381-840d-bf8636802d18	GET	/user	undefined
20220904	19:43:55	8f011487-a7bb-445f-8d3c-a22f766044fb	GET	/user	undefined
20220904	20:27:11	23ba0795-983a-44c9-9c44-98ef544fbdda	GET	/user	undefined
20220904	20:31:31	9881ac4b-82a3-4957-aa2d-3ee226e80c39	GET	/user	undefined
20220904	20:32:46	121adb98-afe8-4aa0-9db0-63fdcf1baf23	GET	/user	undefined
20220904	20:37:19	baba684c-89c9-4777-8ec9-f7367fc52794	GET	/user	undefined
20220904	20:37:56	52989b14-1dc8-4b16-b245-f56b2da1a95a	GET	/user	undefined
20220904	20:40:27	18993841-f47e-4cc7-9bb1-04ea52fc072d	GET	/user	undefined
20220904	20:40:55	df14c405-9c54-4edd-8110-7b7ba0352b0a	GET	/user	undefined
20220904	20:46:46	38d83e93-4b06-4154-9efd-1687e1370cca	GET	/user	undefined
20220904	20:47:01	bdec442d-e64f-4d94-b6fe-5983218cc995	GET	/user	undefined
20220904	20:59:04	534ecce8-fa66-4e50-ae4e-460086dc44c0	GET	/user	undefined
20220904	21:00:18	760045f1-9a0c-480a-965e-ade66c83b5ec	GET	/user	undefined
20220904	21:02:35	3b5873ee-8dec-4657-ae19-34498b353359	GET	/user	undefined
20220904	21:03:56	7eadfdb9-a990-42e8-a995-ae5cde00d1e2	GET	/user	undefined
20220904	21:05:19	370b912a-97ea-448a-9ecb-77d298406215	GET	/user	undefined
20220904	21:05:31	82b9d9ee-631a-4187-a55f-bcc789646307	GET	/user	undefined
20220904	21:39:57	7b51220a-d172-40d1-8c0b-6f9cbb820a86	GET	/	undefined
20220904	21:39:58	36b0b877-1541-4bab-92a9-ec397e6ac431	GET	/css/style.css	undefined
20220904	21:46:24	31488269-9354-4551-b1fa-c425a7331801	GET	/us	undefined
20220904	21:46:25	231c5691-8e22-4777-9dbf-e56be16cc3c0	GET	/css/style.css	undefined
20220904	21:47:13	3230b2b3-19ec-4016-8e96-f36b557187c1	GET	/	undefined
20220904	21:47:14	7cd1705e-3671-4d9c-b028-38ba75a7769d	GET	/css/style.css	undefined
20220904	21:47:31	3b3425ba-5c9e-4567-b8f1-6270dd34d7f5	GET	/us	undefined
20220904	21:47:32	6444ed39-a91e-4f6c-9f15-04bccf1b56a5	GET	/css/style.css	undefined
20220904	21:49:02	52a1607e-fc8a-498c-a766-08d767714943	GET	/users	undefined
