20230130	18:57:32	9e05e1f9-c6c9-4f35-9185-3e679761be70	admin	create	alberto	3
20230130	19:10:16	150f73a3-0125-40b6-9988-767c8c3eb4fe	admin	Delete	alberto
20230130	19:11:18	80542a3a-312f-47d2-bc71-1d8f79b304f2	admin	Delete	daniel
20230130	19:11:26	83fb83e4-8d80-4f95-a9cb-7dad50ec1583	admin	Update	julio	julio,$2b$10$Ru5Pcp3CQiKBvZqZ2SMSUenv6fIsgbaZ/atjsoyRWE2BolemQ95Cm,3,,,false,,
20230130	19:11:51	dc5a1b84-0310-4fa1-9afb-3a78d3f0f1f0	admin	Update	julio	julio,$2b$10$Ru5Pcp3CQiKBvZqZ2SMSUenv6fIsgbaZ/atjsoyRWE2BolemQ95Cm,3,,,true,,
20230207	09:19:42	68984e6f-2271-4821-ac68-4d54c32fefe0	admin	Update	julio	julio,$2b$10$Ru5Pcp3CQiKBvZqZ2SMSUenv6fIsgbaZ/atjsoyRWE2BolemQ95Cm,3,,,false,,
20230207	09:19:44	05dd18d1-e67e-499d-8951-8056d5deadf8	admin	Update	julio	julio,$2b$10$Ru5Pcp3CQiKBvZqZ2SMSUenv6fIsgbaZ/atjsoyRWE2BolemQ95Cm,3,,,true,,
20230207	09:19:45	14fb6081-bdc7-4d89-8575-8f5a09943d99	admin	Delete	julio
20230207	09:33:43	2936a23e-f18c-4eb6-aefe-6f386a267a35	admin	Delete	andres
20230207	09:34:04	c20e487d-47b9-4716-8b9d-161d3b1cce9e	admin	Delete	juan
20230207	09:38:04	0bde7665-993a-4a0d-9109-b54a00babd25	admin	create	jose,$2b$10$UlAkve7tkffj7.CkLWEh8eqPuQCka738g3WhS7DxBvoRUZRhcCIbi,3
20230207	09:38:20	0fa2d155-f796-4888-8f2d-53b00392f0a4	admin	create	daniel,$2b$10$23fpiHeAYNhUzgPXiIO3JuCnrnsNZ6MxcUNGa3bbx2coRxXlsWKHy,3
20230207	09:38:26	85443d44-f6be-4027-b60d-968587d4d6d0	admin	Delete	jose
20230207	09:46:58	534737f1-bb67-4000-a009-344d371626d1	admin	Delete	daniel
20230207	09:48:00	a3056b12-6ee7-4b81-b5c9-e9e82aa7bd54	admin	create	andres,$2b$10$fp2/srqWGXfpiebCoJpurOrCF/ht2cFdYydT87G.jquiKpfbBlzZ2,3
20230207	09:48:02	626f7885-afd2-4ec2-9864-f0103bd9304a	admin	Update	andres	andres,$2b$10$fp2/srqWGXfpiebCoJpurOrCF/ht2cFdYydT87G.jquiKpfbBlzZ2,3,,,false,,
20230207	09:48:03	80926d35-e5c0-461d-9447-0cc7f7467ab0	admin	Update	andres	andres,$2b$10$fp2/srqWGXfpiebCoJpurOrCF/ht2cFdYydT87G.jquiKpfbBlzZ2,3,,,true,,
20230207	09:48:04	e53f3da9-a9f3-46c4-8089-7bee3609d886	admin	Delete	andres
20230207	12:14:24	c3e2b9e4-6469-46bc-b2d3-a6ed14d13aa0	admin	create	andress,$2b$10$z9zB6gAsBTJQnP4pqqnVGeTXha0n3j3yPTOOcoQPPayG/TUHryg1W,3,,,,
20230207	12:40:14	eef8d3cb-4ef9-4e9a-a2d0-5cf608b74b43	admin	create	minier,$2b$10$6MzLc.eAhpcEb3us1lk..uZoj9q2NA6pm2gRLxtaFVyzH3n8OvsCu,1,,,,
20230207	13:15:55	b7f909cb-7308-4f42-ac3a-c42209e241dd	admin	Delete	minier
20230207	13:16:46	6b1b86e2-f337-439d-a421-8b54137d5f4d	admin	create	lminier,$2b$10$q.u.lVBdmiHJ.MEEWzwe8uHqJvuXIBCXKbyVOMp3fCwJNsZMC8mu.,3,Leonardo,Minier,ejemplo@correo.com,1809000000
20230208	06:56:38	290936f7-e23b-45e7-8719-454158a4a14c	admin	Delete	lminier
